<?xml version="1.0" encoding="UTF-8"?>
<!-- Generated by org.testng.reporters.JUnitReportReporter -->
<testsuite hostname="amlan" failures="0" tests="1" name="com.banking_1.obsmaven_1.Test_1" time="0.004" errors="0" timestamp="2023-11-13T12:24:50 IST" skipped="0">
  <testcase classname="com.banking_1.obsmaven_1.Test_1" name="Sem" time="0.004"/>
  <system-out/>
</testsuite> <!-- com.banking_1.obsmaven_1.Test_1 -->
